<?xml version="1.0" encoding="UTF-8"?>
<robot generator="Robot 6.1.1 (Python 3.14.0 on win32)" generated="20251113 18:00:42.118" rpa="false" schemaversion="4">
<suite id="s1" name="Tests" source="C:\Users\tuomas.kuusisto_cens\opiskelu\kurssit\ohjelmistotuotanto\ohjelmistotuotantoGIT\osa3\login-robot\src\tests">
<suite id="s1-s1" name="Login" source="C:\Users\tuomas.kuusisto_cens\opiskelu\kurssit\ohjelmistotuotanto\ohjelmistotuotantoGIT\osa3\login-robot\src\tests\login.robot">
<test id="s1-s1-t1" name="Login With Correct Credentials" line="6">
<kw name="Create User And Input Login Command" type="SETUP">
<kw name="Create User" library="AppLibrary">
<arg>kalle</arg>
<arg>kalle123</arg>
<status status="PASS" starttime="20251113 18:00:42.136" endtime="20251113 18:00:42.136"/>
</kw>
<kw name="Input Login Command" library="resource">
<kw name="Input" library="AppLibrary">
<arg>login</arg>
<status status="PASS" starttime="20251113 18:00:42.136" endtime="20251113 18:00:42.136"/>
</kw>
<status status="PASS" starttime="20251113 18:00:42.136" endtime="20251113 18:00:42.136"/>
</kw>
<status status="PASS" starttime="20251113 18:00:42.136" endtime="20251113 18:00:42.136"/>
</kw>
<kw name="Input Credentials" library="resource">
<arg>kalle</arg>
<arg>kalle123</arg>
<kw name="Input" library="AppLibrary">
<arg>${username}</arg>
<status status="PASS" starttime="20251113 18:00:42.137" endtime="20251113 18:00:42.137"/>
</kw>
<kw name="Input" library="AppLibrary">
<arg>${password}</arg>
<status status="PASS" starttime="20251113 18:00:42.137" endtime="20251113 18:00:42.137"/>
</kw>
<kw name="Run Application" library="AppLibrary">
<status status="PASS" starttime="20251113 18:00:42.137" endtime="20251113 18:00:42.137"/>
</kw>
<status status="PASS" starttime="20251113 18:00:42.137" endtime="20251113 18:00:42.137"/>
</kw>
<kw name="Output Should Contain" library="AppLibrary">
<arg>Logged in</arg>
<status status="PASS" starttime="20251113 18:00:42.138" endtime="20251113 18:00:42.138"/>
</kw>
<status status="PASS" starttime="20251113 18:00:42.136" endtime="20251113 18:00:42.138"/>
</test>
<test id="s1-s1-t2" name="Login With Incorrect Password" line="10">
<kw name="Create User And Input Login Command" type="SETUP">
<kw name="Create User" library="AppLibrary">
<arg>kalle</arg>
<arg>kalle123</arg>
<status status="PASS" starttime="20251113 18:00:42.138" endtime="20251113 18:00:42.139"/>
</kw>
<kw name="Input Login Command" library="resource">
<kw name="Input" library="AppLibrary">
<arg>login</arg>
<status status="PASS" starttime="20251113 18:00:42.139" endtime="20251113 18:00:42.139"/>
</kw>
<status status="PASS" starttime="20251113 18:00:42.139" endtime="20251113 18:00:42.139"/>
</kw>
<status status="PASS" starttime="20251113 18:00:42.138" endtime="20251113 18:00:42.139"/>
</kw>
<kw name="Input Credentials" library="resource">
<arg>kalle</arg>
<arg>12345</arg>
<kw name="Input" library="AppLibrary">
<arg>${username}</arg>
<status status="PASS" starttime="20251113 18:00:42.139" endtime="20251113 18:00:42.139"/>
</kw>
<kw name="Input" library="AppLibrary">
<arg>${password}</arg>
<status status="PASS" starttime="20251113 18:00:42.139" endtime="20251113 18:00:42.139"/>
</kw>
<kw name="Run Application" library="AppLibrary">
<status status="PASS" starttime="20251113 18:00:42.139" endtime="20251113 18:00:42.139"/>
</kw>
<status status="PASS" starttime="20251113 18:00:42.139" endtime="20251113 18:00:42.139"/>
</kw>
<kw name="Output Should Contain" library="AppLibrary">
<arg>Invalid username or password</arg>
<status status="PASS" starttime="20251113 18:00:42.139" endtime="20251113 18:00:42.140"/>
</kw>
<status status="PASS" starttime="20251113 18:00:42.138" endtime="20251113 18:00:42.140"/>
</test>
<test id="s1-s1-t3" name="Login With Nonexistent Username" line="14">
<kw name="Create User And Input Login Command" type="SETUP">
<kw name="Create User" library="AppLibrary">
<arg>kalle</arg>
<arg>kalle123</arg>
<status status="PASS" starttime="20251113 18:00:42.140" endtime="20251113 18:00:42.140"/>
</kw>
<kw name="Input Login Command" library="resource">
<kw name="Input" library="AppLibrary">
<arg>login</arg>
<status status="PASS" starttime="20251113 18:00:42.140" endtime="20251113 18:00:42.140"/>
</kw>
<status status="PASS" starttime="20251113 18:00:42.140" endtime="20251113 18:00:42.140"/>
</kw>
<status status="PASS" starttime="20251113 18:00:42.140" endtime="20251113 18:00:42.140"/>
</kw>
<kw name="Input Credentials" library="resource">
<arg>tuomas</arg>
<arg>12345</arg>
<kw name="Input" library="AppLibrary">
<arg>${username}</arg>
<status status="PASS" starttime="20251113 18:00:42.141" endtime="20251113 18:00:42.141"/>
</kw>
<kw name="Input" library="AppLibrary">
<arg>${password}</arg>
<status status="PASS" starttime="20251113 18:00:42.141" endtime="20251113 18:00:42.141"/>
</kw>
<kw name="Run Application" library="AppLibrary">
<status status="PASS" starttime="20251113 18:00:42.141" endtime="20251113 18:00:42.141"/>
</kw>
<status status="PASS" starttime="20251113 18:00:42.141" endtime="20251113 18:00:42.141"/>
</kw>
<kw name="Output Should Contain" library="AppLibrary">
<arg>Invalid username or password</arg>
<status status="PASS" starttime="20251113 18:00:42.141" endtime="20251113 18:00:42.141"/>
</kw>
<status status="PASS" starttime="20251113 18:00:42.140" endtime="20251113 18:00:42.141"/>
</test>
<status status="PASS" starttime="20251113 18:00:42.131" endtime="20251113 18:00:42.142"/>
</suite>
<suite id="s1-s2" name="Register" source="C:\Users\tuomas.kuusisto_cens\opiskelu\kurssit\ohjelmistotuotanto\ohjelmistotuotantoGIT\osa3\login-robot\src\tests\register.robot">
<test id="s1-s2-t1" name="Register With Valid Username And Password" line="6">
<kw name="Create User And Input Register Command" library="resource" type="SETUP">
<kw name="Create User" library="AppLibrary">
<arg>kalle</arg>
<arg>kalle123</arg>
<status status="PASS" starttime="20251113 18:00:42.144" endtime="20251113 18:00:42.144"/>
</kw>
<kw name="Input Register Command" library="resource">
<kw name="Input" library="AppLibrary">
<arg>new</arg>
<status status="PASS" starttime="20251113 18:00:42.144" endtime="20251113 18:00:42.144"/>
</kw>
<status status="PASS" starttime="20251113 18:00:42.144" endtime="20251113 18:00:42.144"/>
</kw>
<status status="PASS" starttime="20251113 18:00:42.143" endtime="20251113 18:00:42.144"/>
</kw>
<kw name="Input Credentials" library="resource">
<arg>tuomas</arg>
<arg>Tuomas123</arg>
<kw name="Input" library="AppLibrary">
<arg>${username}</arg>
<status status="PASS" starttime="20251113 18:00:42.144" endtime="20251113 18:00:42.144"/>
</kw>
<kw name="Input" library="AppLibrary">
<arg>${password}</arg>
<status status="PASS" starttime="20251113 18:00:42.144" endtime="20251113 18:00:42.144"/>
</kw>
<kw name="Run Application" library="AppLibrary">
<status status="PASS" starttime="20251113 18:00:42.144" endtime="20251113 18:00:42.144"/>
</kw>
<status status="PASS" starttime="20251113 18:00:42.144" endtime="20251113 18:00:42.144"/>
</kw>
<kw name="Output Should Contain" library="AppLibrary">
<arg>New user registered</arg>
<status status="PASS" starttime="20251113 18:00:42.144" endtime="20251113 18:00:42.144"/>
</kw>
<status status="PASS" starttime="20251113 18:00:42.143" endtime="20251113 18:00:42.145"/>
</test>
<test id="s1-s2-t2" name="Register With Already Taken Username And Valid Password" line="10">
<kw name="Create User And Input Register Command" library="resource" type="SETUP">
<kw name="Create User" library="AppLibrary">
<arg>kalle</arg>
<arg>kalle123</arg>
<status status="PASS" starttime="20251113 18:00:42.145" endtime="20251113 18:00:42.145"/>
</kw>
<kw name="Input Register Command" library="resource">
<kw name="Input" library="AppLibrary">
<arg>new</arg>
<status status="PASS" starttime="20251113 18:00:42.145" endtime="20251113 18:00:42.145"/>
</kw>
<status status="PASS" starttime="20251113 18:00:42.145" endtime="20251113 18:00:42.145"/>
</kw>
<status status="PASS" starttime="20251113 18:00:42.145" endtime="20251113 18:00:42.145"/>
</kw>
<kw name="Input Credentials" library="resource">
<arg>kalle</arg>
<arg>kalle123</arg>
<kw name="Input" library="AppLibrary">
<arg>${username}</arg>
<status status="PASS" starttime="20251113 18:00:42.146" endtime="20251113 18:00:42.146"/>
</kw>
<kw name="Input" library="AppLibrary">
<arg>${password}</arg>
<status status="PASS" starttime="20251113 18:00:42.146" endtime="20251113 18:00:42.146"/>
</kw>
<kw name="Run Application" library="AppLibrary">
<status status="PASS" starttime="20251113 18:00:42.146" endtime="20251113 18:00:42.146"/>
</kw>
<status status="PASS" starttime="20251113 18:00:42.145" endtime="20251113 18:00:42.146"/>
</kw>
<kw name="Output Should Contain" library="AppLibrary">
<arg>User with username kalle already exists</arg>
<status status="PASS" starttime="20251113 18:00:42.146" endtime="20251113 18:00:42.146"/>
</kw>
<status status="PASS" starttime="20251113 18:00:42.145" endtime="20251113 18:00:42.147"/>
</test>
<test id="s1-s2-t3" name="Register With Too Short Username And Valid Password" line="14">
<kw name="Create User And Input Register Command" library="resource" type="SETUP">
<kw name="Create User" library="AppLibrary">
<arg>kalle</arg>
<arg>kalle123</arg>
<status status="PASS" starttime="20251113 18:00:42.148" endtime="20251113 18:00:42.148"/>
</kw>
<kw name="Input Register Command" library="resource">
<kw name="Input" library="AppLibrary">
<arg>new</arg>
<status status="PASS" starttime="20251113 18:00:42.148" endtime="20251113 18:00:42.148"/>
</kw>
<status status="PASS" starttime="20251113 18:00:42.148" endtime="20251113 18:00:42.148"/>
</kw>
<status status="PASS" starttime="20251113 18:00:42.148" endtime="20251113 18:00:42.148"/>
</kw>
<kw name="Input Credentials" library="resource">
<arg>tu</arg>
<arg>kalle123</arg>
<kw name="Input" library="AppLibrary">
<arg>${username}</arg>
<status status="PASS" starttime="20251113 18:00:42.148" endtime="20251113 18:00:42.148"/>
</kw>
<kw name="Input" library="AppLibrary">
<arg>${password}</arg>
<status status="PASS" starttime="20251113 18:00:42.149" endtime="20251113 18:00:42.149"/>
</kw>
<kw name="Run Application" library="AppLibrary">
<status status="PASS" starttime="20251113 18:00:42.149" endtime="20251113 18:00:42.149"/>
</kw>
<status status="PASS" starttime="20251113 18:00:42.148" endtime="20251113 18:00:42.149"/>
</kw>
<kw name="Output Should Contain" library="AppLibrary">
<arg>Username must be at least 3 characters long</arg>
<status status="PASS" starttime="20251113 18:00:42.149" endtime="20251113 18:00:42.149"/>
</kw>
<status status="PASS" starttime="20251113 18:00:42.148" endtime="20251113 18:00:42.149"/>
</test>
<test id="s1-s2-t4" name="Register With Enough Long But Invalid Username And Valid Password" line="18">
<kw name="Create User And Input Register Command" library="resource" type="SETUP">
<kw name="Create User" library="AppLibrary">
<arg>kalle</arg>
<arg>kalle123</arg>
<status status="PASS" starttime="20251113 18:00:42.150" endtime="20251113 18:00:42.150"/>
</kw>
<kw name="Input Register Command" library="resource">
<kw name="Input" library="AppLibrary">
<arg>new</arg>
<status status="PASS" starttime="20251113 18:00:42.150" endtime="20251113 18:00:42.150"/>
</kw>
<status status="PASS" starttime="20251113 18:00:42.150" endtime="20251113 18:00:42.150"/>
</kw>
<status status="PASS" starttime="20251113 18:00:42.149" endtime="20251113 18:00:42.150"/>
</kw>
<kw name="Input Credentials" library="resource">
<arg>uomas11/</arg>
<arg>kalle123</arg>
<kw name="Input" library="AppLibrary">
<arg>${username}</arg>
<status status="PASS" starttime="20251113 18:00:42.150" endtime="20251113 18:00:42.150"/>
</kw>
<kw name="Input" library="AppLibrary">
<arg>${password}</arg>
<status status="PASS" starttime="20251113 18:00:42.150" endtime="20251113 18:00:42.150"/>
</kw>
<kw name="Run Application" library="AppLibrary">
<status status="PASS" starttime="20251113 18:00:42.150" endtime="20251113 18:00:42.150"/>
</kw>
<status status="PASS" starttime="20251113 18:00:42.150" endtime="20251113 18:00:42.150"/>
</kw>
<kw name="Output Should Contain" library="AppLibrary">
<arg>Username must contain only lower case letters from a to z</arg>
<status status="PASS" starttime="20251113 18:00:42.150" endtime="20251113 18:00:42.150"/>
</kw>
<status status="PASS" starttime="20251113 18:00:42.149" endtime="20251113 18:00:42.150"/>
</test>
<test id="s1-s2-t5" name="Register With Valid Username And Too Short Password" line="22">
<kw name="Create User And Input Register Command" library="resource" type="SETUP">
<kw name="Create User" library="AppLibrary">
<arg>kalle</arg>
<arg>kalle123</arg>
<status status="PASS" starttime="20251113 18:00:42.151" endtime="20251113 18:00:42.151"/>
</kw>
<kw name="Input Register Command" library="resource">
<kw name="Input" library="AppLibrary">
<arg>new</arg>
<status status="PASS" starttime="20251113 18:00:42.151" endtime="20251113 18:00:42.151"/>
</kw>
<status status="PASS" starttime="20251113 18:00:42.151" endtime="20251113 18:00:42.151"/>
</kw>
<status status="PASS" starttime="20251113 18:00:42.151" endtime="20251113 18:00:42.151"/>
</kw>
<kw name="Input Credentials" library="resource">
<arg>tuomas</arg>
<arg>Tu1</arg>
<kw name="Input" library="AppLibrary">
<arg>${username}</arg>
<status status="PASS" starttime="20251113 18:00:42.152" endtime="20251113 18:00:42.152"/>
</kw>
<kw name="Input" library="AppLibrary">
<arg>${password}</arg>
<status status="PASS" starttime="20251113 18:00:42.152" endtime="20251113 18:00:42.152"/>
</kw>
<kw name="Run Application" library="AppLibrary">
<status status="PASS" starttime="20251113 18:00:42.152" endtime="20251113 18:00:42.152"/>
</kw>
<status status="PASS" starttime="20251113 18:00:42.151" endtime="20251113 18:00:42.152"/>
</kw>
<kw name="Output Should Contain" library="AppLibrary">
<arg>Password must be at least 8 characters long</arg>
<status status="PASS" starttime="20251113 18:00:42.152" endtime="20251113 18:00:42.152"/>
</kw>
<status status="PASS" starttime="20251113 18:00:42.151" endtime="20251113 18:00:42.152"/>
</test>
<test id="s1-s2-t6" name="Register With Valid Username And Long Enough Password Containing Only Letters" line="26">
<kw name="Create User And Input Register Command" library="resource" type="SETUP">
<kw name="Create User" library="AppLibrary">
<arg>kalle</arg>
<arg>kalle123</arg>
<status status="PASS" starttime="20251113 18:00:42.153" endtime="20251113 18:00:42.153"/>
</kw>
<kw name="Input Register Command" library="resource">
<kw name="Input" library="AppLibrary">
<arg>new</arg>
<status status="PASS" starttime="20251113 18:00:42.153" endtime="20251113 18:00:42.153"/>
</kw>
<status status="PASS" starttime="20251113 18:00:42.153" endtime="20251113 18:00:42.153"/>
</kw>
<status status="PASS" starttime="20251113 18:00:42.153" endtime="20251113 18:00:42.153"/>
</kw>
<kw name="Input Credentials" library="resource">
<arg>tuomas</arg>
<arg>Tuomasaaa</arg>
<kw name="Input" library="AppLibrary">
<arg>${username}</arg>
<status status="PASS" starttime="20251113 18:00:42.153" endtime="20251113 18:00:42.153"/>
</kw>
<kw name="Input" library="AppLibrary">
<arg>${password}</arg>
<status status="PASS" starttime="20251113 18:00:42.153" endtime="20251113 18:00:42.153"/>
</kw>
<kw name="Run Application" library="AppLibrary">
<status status="PASS" starttime="20251113 18:00:42.153" endtime="20251113 18:00:42.153"/>
</kw>
<status status="PASS" starttime="20251113 18:00:42.153" endtime="20251113 18:00:42.153"/>
</kw>
<kw name="Output Should Contain" library="AppLibrary">
<arg>Password must at least contain one non-letter character</arg>
<status status="PASS" starttime="20251113 18:00:42.154" endtime="20251113 18:00:42.154"/>
</kw>
<status status="PASS" starttime="20251113 18:00:42.152" endtime="20251113 18:00:42.156"/>
</test>
<status status="PASS" starttime="20251113 18:00:42.142" endtime="20251113 18:00:42.157"/>
</suite>
<status status="PASS" starttime="20251113 18:00:42.119" endtime="20251113 18:00:42.157"/>
</suite>
<statistics>
<total>
<stat pass="9" fail="0" skip="0">All Tests</stat>
</total>
<tag>
</tag>
<suite>
<stat pass="9" fail="0" skip="0" id="s1" name="Tests">Tests</stat>
<stat pass="3" fail="0" skip="0" id="s1-s1" name="Login">Tests.Login</stat>
<stat pass="6" fail="0" skip="0" id="s1-s2" name="Register">Tests.Register</stat>
</suite>
</statistics>
<errors>
</errors>
</robot>
